<?xml version="1.0" encoding="UTF-8"?>
<!-- Generated by org.testng.reporters.JUnitReportReporter -->
<testsuite hostname="IN-OLX-PF2SH88V" failures="0" tests="6" name="api.test.DataDrivenTests" time="15.741" errors="0" timestamp="2024-08-24T18:22:53 IST" skipped="0">
  <testcase classname="api.test.DataDrivenTests" name="testPostUser" time="4.324"/>
  <system-out/>
  <testcase classname="api.test.DataDrivenTests" name="testPostUser" time="3.484"/>
  <system-out/>
  <testcase classname="api.test.DataDrivenTests" name="testPostUser" time="1.913"/>
  <system-out/>
  <testcase classname="api.test.DataDrivenTests" name="testDeleteUserByName" time="1.595"/>
  <system-out/>
  <testcase classname="api.test.DataDrivenTests" name="testDeleteUserByName" time="1.860"/>
  <system-out/>
  <testcase classname="api.test.DataDrivenTests" name="testDeleteUserByName" time="2.565"/>
  <system-out/>
</testsuite> <!-- api.test.DataDrivenTests -->
