<?xml version="1.0" encoding="UTF-8"?>
<!-- Generated by org.testng.reporters.JUnitReportReporter -->
<testsuite hostname="IN-OLX-PF2SH88V" failures="0" tests="4" name="api.test.UserTests2" time="14.166" errors="0" timestamp="2024-08-24T20:53:38 IST" skipped="0">
  <testcase classname="api.test.UserTests2" name="testPostUser" time="4.859"/>
  <system-out/>
  <testcase classname="api.test.UserTests2" name="testGetUserByName" time="2.057"/>
  <system-out/>
  <testcase classname="api.test.UserTests2" name="testUpdateUserByName" time="4.693"/>
  <system-out/>
  <testcase classname="api.test.UserTests2" name="testDeleteUserByName" time="2.557"/>
  <system-out/>
</testsuite> <!-- api.test.UserTests2 -->
