<?xml version="1.0" encoding="UTF-8"?>
<!-- Generated by org.testng.reporters.JUnitReportReporter -->
<testsuite hostname="IN-OLX-PF2SH88V" failures="0" tests="4" name="api.test.UserTests" time="12.781" errors="0" timestamp="2024-08-24T19:08:35 IST" skipped="0">
  <testcase classname="api.test.UserTests" name="testPostUser" time="4.831"/>
  <system-out/>
  <testcase classname="api.test.UserTests" name="testGetUserByName" time="1.714"/>
  <system-out/>
  <testcase classname="api.test.UserTests" name="testUpdateUserByName" time="4.296"/>
  <system-out/>
  <testcase classname="api.test.UserTests" name="testDeleteUserByName" time="1.940"/>
  <system-out/>
</testsuite> <!-- api.test.UserTests -->
