<?xml version="1.0" encoding="UTF-8"?>
<!-- Generated by org.testng.reporters.JUnitReportReporter -->
<testsuite hostname="IN-OLX-PF2SH88V" failures="0" tests="4" name="api.test.UserTests2" time="13.993" errors="0" timestamp="2024-08-24T21:16:38 IST" skipped="0">
  <testcase classname="api.test.UserTests2" name="testPostUser" time="4.596"/>
  <testcase classname="api.test.UserTests2" name="testGetUserByName" time="2.754"/>
  <testcase classname="api.test.UserTests2" name="testUpdateUserByName" time="4.435"/>
  <testcase classname="api.test.UserTests2" name="testDeleteUserByName" time="2.208"/>
</testsuite> <!-- api.test.UserTests2 -->
